accountsservice
accountsservice-ubuntu-schemas
acl
acpi-support
acpid
adduser
adwaita-icon-theme
aisleriot
alacarte
alsa-base
alsa-utils
amd64-microcode
anacron
apg
app-install-data-partner
apparmor
apport
apport-gtk
apport-symptoms
appstream
apt
apt-config-icons
apt-utils
aptdaemon
aptdaemon-data
apturl
apturl-common
aspell
aspell-en
at-spi2-core
audacity
audacity-data
autoconf
automake
autotools-dev
avahi-autoipd
avahi-daemon
avahi-utils
baobab
base-files
base-passwd
bash
bash-completion
bc
bind9-host
binutils
binutils-common
binutils-x86-64-linux-gnu
bluez
bluez-cups
bluez-obexd
bolt
bpython3
branding-ubuntu
brltty
bsdmainutils
bsdutils
bubblewrap
build-essential
busybox-initramfs
busybox-static
bzip2
ca-certificates
cheese
cheese-common
chromium-browser
chromium-codecs-ffmpeg-extra
cinnamon-desktop-data
cinnamon-l10n
cmake
cmake-data
colord
colord-data
command-not-found
console-setup
console-setup-linux
coreutils
cpio
cpp
cpp-9
cpufrequtils
cracklib-runtime
crda
cron
cups
cups-browsed
cups-bsd
cups-client
cups-common
cups-core-drivers
cups-daemon
cups-filters
cups-filters-core-drivers
cups-ipp-utils
cups-pk-helper
cups-ppdc
cups-server-common
curl
dash
dbus
dbus-user-session
dbus-x11
dc
dconf-cli
dconf-gsettings-backend
dconf-service
debconf
debconf-i18n
debianutils
deja-dup
desktop-file-utils
dh-python
dictionaries-common
diffutils
dirmngr
distro-info-data
dkms
dmidecode
dmsetup
dmz-cursor-theme
dns-root-data
dnsmasq-base
dnsutils
dosfstools
dpkg
dpkg-dev
dunst
duplicity
e2fsprogs
ed
efibootmgr
eject
emacsen-common
enchant
eog
espeak-ng-data
ethtool
evince
evince-common
evolution-data-server
evolution-data-server-common
fakeroot
fdisk
ffmpeg
file
file-roller
findutils
firefox
firefox-locale-en
fontconfig
fontconfig-config
fonts-beng
fonts-beng-extra
fonts-dejavu-core
fonts-deva
fonts-deva-extra
fonts-droid-fallback
fonts-freefont-ttf
fonts-gargi
fonts-gubbi
fonts-gujr
fonts-gujr-extra
fonts-guru
fonts-guru-extra
fonts-indic
fonts-kacst
fonts-kacst-one
fonts-kalapi
fonts-khmeros-core
fonts-knda
fonts-lao
fonts-lato
fonts-liberation
fonts-liberation2
fonts-lklug-sinhala
fonts-lohit-beng-assamese
fonts-lohit-beng-bengali
fonts-lohit-deva
fonts-lohit-gujr
fonts-lohit-guru
fonts-lohit-knda
fonts-lohit-mlym
fonts-lohit-orya
fonts-lohit-taml
fonts-lohit-taml-classical
fonts-lohit-telu
fonts-mlym
fonts-nakula
fonts-navilu
fonts-noto-cjk
fonts-noto-color-emoji
fonts-noto-mono
fonts-opensymbol
fonts-orya
fonts-orya-extra
fonts-pagul
fonts-sahadeva
fonts-samyak-deva
fonts-samyak-gujr
fonts-samyak-mlym
fonts-samyak-taml
fonts-sarai
fonts-sil-abyssinica
fonts-sil-padauk
fonts-smc
fonts-smc-anjalioldlipi
fonts-smc-chilanka
fonts-smc-dyuthi
fonts-smc-karumbi
fonts-smc-keraleeyam
fonts-smc-manjari
fonts-smc-meera
fonts-smc-rachana
fonts-smc-raghumalayalamsans
fonts-smc-suruma
fonts-smc-uroob
fonts-taml
fonts-telu
fonts-telu-extra
fonts-thai-tlwg
fonts-tibetan-machine
fonts-tlwg-garuda
fonts-tlwg-garuda-ttf
fonts-tlwg-kinnari
fonts-tlwg-kinnari-ttf
fonts-tlwg-laksaman
fonts-tlwg-laksaman-ttf
fonts-tlwg-loma
fonts-tlwg-loma-ttf
fonts-tlwg-mono
fonts-tlwg-mono-ttf
fonts-tlwg-norasi
fonts-tlwg-norasi-ttf
fonts-tlwg-purisa
fonts-tlwg-purisa-ttf
fonts-tlwg-sawasdee
fonts-tlwg-sawasdee-ttf
fonts-tlwg-typewriter
fonts-tlwg-typewriter-ttf
fonts-tlwg-typist
fonts-tlwg-typist-ttf
fonts-tlwg-typo
fonts-tlwg-typo-ttf
fonts-tlwg-umpush
fonts-tlwg-umpush-ttf
fonts-tlwg-waree
fonts-tlwg-waree-ttf
fonts-ubuntu
fonts-yrsa-rasa
foomatic-db-compressed-ppds
fprintd
friendly-recovery
ftp
fuse
fwupd
fwupd-signed
fzf
g++
g++-9
gcc
gcc-9
gcc-9-base
gcc-9-base
gconf-defaults-service
gconf-editor
gconf-service
gconf-service-backend
gconf2
gconf2-common
gcr
gdb
gdbserver
gdisk
gdm3
gedit
gedit-common
genisoimage
geoclue-2.0
geoip-database
gettext
gettext-base
ghostscript
ghostscript-x
gimp
gimp-data
gir1.2-accountsservice-1.0
gir1.2-atk-1.0
gir1.2-atspi-2.0
gir1.2-dbusmenu-glib-0.4
gir1.2-dee-1.0
gir1.2-freedesktop
gir1.2-gck-1
gir1.2-gcr-3
gir1.2-gdesktopenums-3.0
gir1.2-gdkpixbuf-2.0
gir1.2-gdm-1.0
gir1.2-geoclue-2.0
gir1.2-geocodeglib-1.0
gir1.2-glib-2.0
gir1.2-gmenu-3.0
gir1.2-gnomebluetooth-1.0
gir1.2-gnomedesktop-3.0
gir1.2-goa-1.0
gir1.2-gst-plugins-base-1.0
gir1.2-gstreamer-1.0
gir1.2-gtk-3.0
gir1.2-gtksource-4
gir1.2-gudev-1.0
gir1.2-gweather-3.0
gir1.2-ibus-1.0
gir1.2-javascriptcoregtk-4.0
gir1.2-json-1.0
gir1.2-keybinder-3.0
gir1.2-mutter-5
gir1.2-nm-1.0
gir1.2-nma-1.0
gir1.2-notify-0.7
gir1.2-packagekitglib-1.0
gir1.2-pango-1.0
gir1.2-peas-1.0
gir1.2-polkit-1.0
gir1.2-rb-3.0
gir1.2-rsvg-2.0
gir1.2-secret-1
gir1.2-snapd-1
gir1.2-soup-2.4
gir1.2-totem-1.0
gir1.2-totemplparser-1.0
gir1.2-udisks-2.0
gir1.2-unity-5.0
gir1.2-upowerglib-1.0
gir1.2-vte-2.91
gir1.2-webkit2-4.0
gir1.2-wnck-3.0
gist
git
git-man
gjs
gkbd-capplet
glib-networking
glib-networking-common
glib-networking-services
gnome-accessibility-themes
gnome-applets
gnome-applets-data
gnome-bluetooth
gnome-calendar
gnome-control-center
gnome-control-center-data
gnome-control-center-faces
gnome-desktop3-data
gnome-disk-utility
gnome-flashback
gnome-flashback-common
gnome-font-viewer
gnome-getting-started-docs
gnome-initial-setup
gnome-keyring
gnome-keyring-pkcs11
gnome-mahjongg
gnome-menus
gnome-mines
gnome-online-accounts
gnome-panel
gnome-panel-data
gnome-power-manager
gnome-screensaver
gnome-screenshot
gnome-session-bin
gnome-session-canberra
gnome-session-common
gnome-session-flashback
gnome-settings-daemon
gnome-settings-daemon-common
gnome-shell
gnome-shell-common
gnome-shell-extension-appindicator
gnome-shell-extension-desktop-icons
gnome-shell-extension-ubuntu-dock
gnome-software
gnome-software-common
gnome-software-plugin-snap
gnome-startup-applications
gnome-sudoku
gnome-system-monitor
gnome-terminal
gnome-terminal-data
gnome-themes-extra
gnome-themes-extra-data
gnome-todo
gnome-todo-common
gnome-user-docs
gnome-video-effects
gnupg
gnupg-l10n
gnupg-utils
gpg
gpg-agent
gpg-wks-client
gpg-wks-server
gpgconf
gpgsm
gpgv
grep
grilo-plugins-0.3-base
groff-base
grub-common
grub-efi-amd64-bin
grub-efi-amd64-signed
grub-gfxpayload-lists
grub-pc
grub-pc-bin
grub2-common
gsettings-desktop-schemas
gsettings-ubuntu-schemas
gsfonts
gstreamer1.0-alsa
gstreamer1.0-clutter-3.0
gstreamer1.0-gl
gstreamer1.0-gtk3
gstreamer1.0-libav
gstreamer1.0-packagekit
gstreamer1.0-plugins-base
gstreamer1.0-plugins-base-apps
gstreamer1.0-plugins-good
gstreamer1.0-plugins-ugly
gstreamer1.0-pulseaudio
gstreamer1.0-tools
gstreamer1.0-vaapi
gstreamer1.0-x
gtk-update-icon-cache
gtk2-engines-murrine
gtk2-engines-pixbuf
guile-2.2-libs
gvfs
gvfs-backends
gvfs-bin
gvfs-common
gvfs-daemons
gvfs-fuse
gvfs-libs
gyp
gzip
hddtemp
hdparm
hicolor-icon-theme
hostname
hplip
hplip-data
humanity-icon-theme
hunspell-en-us
hwdata
hyphen-en-us
i3
i3-wm
i3lock
i3status
i965-va-driver
ibus
ibus-data
ibus-gtk
ibus-gtk3
ibus-table
iio-sensor-proxy
im-config
imagemagick
imagemagick-6-common
imagemagick-6.q16
indicator-applet-complete
indicator-application
indicator-bluetooth
indicator-common
indicator-datetime
indicator-keyboard
indicator-messages
indicator-power
indicator-printers
indicator-session
indicator-sound
info
init
init-system-helpers
initramfs-tools
initramfs-tools-bin
initramfs-tools-core
inputattach
install-info
intel-media-va-driver
intel-microcode
inxi
ippusbxd
iproute2
iptables
iputils-ping
iputils-tracepath
irqbalance
isc-dhcp-client
isc-dhcp-common
iso-codes
iucode-tool
iw
javascript-common
kbd
kerneloops
keyboard-configuration
klibc-utils
kmod
krb5-locales
language-pack-en
language-pack-en-base
language-pack-gnome-en
language-pack-gnome-en-base
language-selector-common
language-selector-gnome
laptop-detect
less
liba52-0.7.4
libaa1
libaacs0
libabw-0.1-1
libaccounts-glib0
libaccountsservice0
libacl1
libalgorithm-diff-perl
libalgorithm-diff-xs-perl
libalgorithm-merge-perl
libamd2
libanyevent-i3-perl
libanyevent-perl
libao-common
libao4
libaom0
libapparmor1
libappindicator1
libappindicator3-1
libappstream-glib8
libappstream4
libapt-pkg5.90
libarchive13
libargon2-1
libaribb24-0
libasan5
libasn1-8-heimdal
libasound2
libasound2-data
libasound2-plugins
libaspell15
libass9
libassuan0
libasync-interrupt-perl
libasyncns0
libatasmart4
libatk-adaptor
libatk-bridge2.0-0
libatk1.0-0
libatk1.0-data
libatkmm-1.6-1v5
libatm1
libatomic1
libatomic1
libatspi2.0-0
libattr1
libaudit-common
libaudit1
libauthen-sasl-perl
libavahi-client3
libavahi-common-data
libavahi-common3
libavahi-core7
libavahi-glib1
libavahi-ui-gtk3-0
libavc1394-0
libavcodec58
libavdevice58
libavfilter7
libavformat58
libavresample4
libavutil56
libbabeltrace1
libbabl-0.1-0
libbasicusageenvironment1
libbdplus0
libbind9-161
libbinutils
libblas3
libblkid1
libblockdev-crypto2
libblockdev-fs2
libblockdev-loop2
libblockdev-part-err2
libblockdev-part2
libblockdev-swap2
libblockdev-utils2
libblockdev2
libbluetooth3
libbluray2
libboost-date-time1.67.0
libboost-filesystem1.67.0
libboost-iostreams1.67.0
libboost-locale1.67.0
libboost-system1.67.0
libboost-thread1.67.0
libbrlapi0.6
libbrotli1
libbs2b0
libbsd0
libbsd0
libbz2-1.0
libc-ares2
libc-bin
libc-dev-bin
libc6
libc6
libc6-dbg
libc6-dev
libcaca0
libcairo-gobject-perl
libcairo-gobject2
libcairo-perl
libcairo2
libcairomm-1.0-1v5
libcamd2
libcamel-1.2-62
libcanberra-gtk3-0
libcanberra-gtk3-module
libcanberra-pulse
libcanberra0
libcap-ng0
libcap2
libcap2-bin
libcc1-0
libccolamd2
libcddb2
libcdio-cdda2
libcdio-paranoia2
libcdio18
libcdparanoia0
libcdr-0.1-1
libcheese-gtk25
libcheese8
libcholmod3
libchromaprint1
libcinnamon-desktop4
libclucene-contribs1v5
libclucene-core1v5
libclutter-1.0-0
libclutter-1.0-common
libclutter-gst-3.0-0
libclutter-gtk-1.0-0
libcmis-0.5-5v5
libcodec2-0.8.1
libcogl-common
libcogl-pango20
libcogl-path20
libcogl20
libcolamd2
libcolord-gtk1
libcolord2
libcolorhug2
libcom-err2
libcommon-sense-perl
libconfuse-common
libconfuse2
libcpufreq0
libcrack2
libcroco3
libcryptsetup12
libcue2
libcups2
libcupsfilters1
libcupsimage2
libcurl3-gnutls
libcurl4
libdaemon0
libdata-dump-perl
libdatrie1
libdazzle-1.0-0
libdb5.3
libdbus-1-3
libdbus-glib-1-2
libdbusmenu-glib4
libdbusmenu-gtk3-4
libdbusmenu-gtk4
libdc1394-22
libdca0
libdconf1
libde265-0
libdebconfclient0
libdee-1.0-4
libdevmapper1.02.1
libdjvulibre-text
libdjvulibre21
libdmapsharing-3.0-2
libdns-export1104
libdns1104
libdotconf0
libdouble-conversion3
libdpkg-perl
libdrm-amdgpu1
libdrm-amdgpu1
libdrm-common
libdrm-intel1
libdrm-intel1
libdrm-nouveau2
libdrm-nouveau2
libdrm-radeon1
libdrm-radeon1
libdrm2
libdrm2
libdv4
libdvbpsi10
libdvdnav4
libdvdread4
libdw1
libe-book-0.1-1
libebackend-1.2-10
libebml4v5
libebook-1.2-20
libebook-contacts-1.2-3
libecal-2.0-1
libedata-book-1.2-26
libedata-cal-2.0-1
libedataserver-1.2-24
libedataserverui-1.2-2
libedit2
libedit2
libefiboot1
libefivar1
libegl-mesa0
libegl1
libegl1-mesa
libelf1
libelf1
libenchant1c2a
libencode-locale-perl
libeot0
libepoxy0
libept1.5.90
libepubgen-0.1-1
liberror-perl
libespeak-ng1
libestr0
libetonyek-0.1-1
libev-perl
libev4
libevdev2
libevdocument3-4
libevent-2.1-6
libevview3-3
libexempi8
libexif12
libexiv2-14
libexpat1
libexpat1
libexpat1-dev
libext2fs2
libexttextcat-2.0-0
libexttextcat-data
libextutils-depends-perl
libextutils-pkgconfig-perl
libfaad2
libfakeroot
libfastjson4
libfcitx-gclient1
libfcitx-utils0
libfdisk1
libffi6
libffi6
libfftw3-double3
libfftw3-single3
libfile-basedir-perl
libfile-desktopentry-perl
libfile-fcntllock-perl
libfile-listing-perl
libfile-mimeinfo-perl
libflac++6v5
libflac8
libflite1
libfont-afm-perl
libfontconfig1
libfontembed1
libfontenc1
libfprint0
libfreehand-0.1-1
libfreerdp-client2-2
libfreerdp2-2
libfreetype6
libfribidi0
libfuse2
libfwupd2
libgail-3-0
libgail-common
libgail18
libgbm1
libgc1c2
libgcab-1.0-0
libgcc-9-dev
libgcc1
libgcc1
libgck-1-0
libgconf-2-4
libgcr-base-3-1
libgcr-ui-3-1
libgcrypt20
libgd3
libgdata-common
libgdata22
libgdbm-compat4
libgdbm6
libgdk-pixbuf2.0-0
libgdk-pixbuf2.0-bin
libgdk-pixbuf2.0-common
libgdm1
libgee-0.8-2
libgegl-0.4-0
libgegl-common
libgeoclue-2-0
libgeocode-glib0
libgeoip1
libgexiv2-2
libgfortran5
libgif7
libgimp2.0
libgirepository-1.0-1
libgjs0g
libgl1
libgl1
libgl1-mesa-dri
libgl1-mesa-dri
libgl1-mesa-glx
libglapi-mesa
libglapi-mesa
libgles2
libglib-object-introspection-perl
libglib-perl
libglib2.0-0
libglib2.0-bin
libglib2.0-data
libglibmm-2.4-1v5
libglu1-mesa
libglvnd0
libglvnd0
libglx-mesa0
libglx-mesa0
libglx0
libglx0
libgme0
libgmp10
libgnome-autoar-0-0
libgnome-bluetooth13
libgnome-desktop-3-18
libgnome-games-support-1-3
libgnome-games-support-common
libgnome-menu-3-0
libgnome-todo
libgnomekbd-common
libgnomekbd8
libgnutls30
libgoa-1.0-0b
libgoa-1.0-common
libgoa-backend-1.0-1
libgom-1.0-0
libgomp1
libgpg-error-l10n
libgpg-error0
libgpg-error0
libgpgme11
libgpgmepp6
libgphoto2-6
libgphoto2-l10n
libgphoto2-port12
libgpm2
libgpod-common
libgpod4
libgraphene-1.0-0
libgraphite2-3
libgrilo-0.3-0
libgroupsock8
libgs9
libgs9-common
libgsf-1-114
libgsf-1-common
libgsm1
libgsoap-2.8.75
libgsound0
libgspell-1-1
libgspell-1-common
libgssapi-krb5-2
libgssapi3-heimdal
libgssdp-1.2-0
libgstreamer-gl1.0-0
libgstreamer-plugins-bad1.0-0
libgstreamer-plugins-base1.0-0
libgstreamer-plugins-good1.0-0
libgstreamer1.0-0
libgtk-3-0
libgtk-3-bin
libgtk-3-common
libgtk2.0-0
libgtk2.0-bin
libgtk2.0-common
libgtk3-perl
libgtkmm-3.0-1v5
libgtksourceview-4-0
libgtksourceview-4-common
libgtop-2.0-11
libgtop2-common
libguard-perl
libgucharmap-2-90-7
libgudev-1.0-0
libgupnp-1.2-0
libgupnp-av-1.0-2
libgupnp-dlna-2.0-3
libgusb2
libgutenprint-common
libgutenprint9
libgweather-3-15
libgweather-common
libgxps2
libharfbuzz-icu0
libharfbuzz0b
libhcrypto4-heimdal
libheif1
libheimbase1-heimdal
libheimntlm0-heimdal
libhogweed4
libhpmud0
libhtml-form-perl
libhtml-format-perl
libhtml-parser-perl
libhtml-tagset-perl
libhtml-tree-perl
libhttp-cookies-perl
libhttp-daemon-perl
libhttp-date-perl
libhttp-message-perl
libhttp-negotiate-perl
libhunspell-1.7-0
libhx509-5-heimdal
libhyphen0
libibus-1.0-5
libical3
libice6
libicu63
libid3tag0
libidn11
libidn2-0
libidn2-0
libido3-0.1-0
libiec61883-0
libieee1284-3
libigdgmm11
libijs-0.35
libilmbase23
libimagequant0
libimobiledevice6
libindicator3-7
libinput-bin
libinput10
libio-html-perl
libio-socket-ssl-perl
libio-stringy-perl
libip4tc2
libip6tc2
libipc-system-simple-perl
libiptc0
libirs161
libisc-export1100
libisc1100
libisccc161
libisccfg163
libisl21
libitm1
libiw30
libixml10
libjack-jackd2-0
libjansson4
libjavascriptcoregtk-4.0-18
libjbig0
libjbig2dec0
libjpeg-turbo8
libjpeg8
libjs-inherits
libjs-is-typedarray
libjs-jquery
libjs-sphinxdoc
libjs-underscore
libjson-c4
libjson-glib-1.0-0
libjson-glib-1.0-common
libjson-xs-perl
libjsoncpp1
libk5crypto3
libkate1
libkeybinder-3.0-0
libkeyutils1
libklibc
libkmod2
libkpathsea6
libkrb5-26-heimdal
libkrb5-3
libkrb5support0
libksba8
liblangtag-common
liblangtag1
liblapack3
liblcms2-2
liblcms2-utils
libldap-2.4-2
libldap-common
libldb1
liblightdm-gobject-1-0
liblilv-0-0
liblirc-client0
liblivemedia64
libllvm9
libllvm9
liblmdb0
liblocale-gettext-perl
liblouis-data
liblouis17
liblouisutdml-bin
liblouisutdml-data
liblouisutdml9
liblqr-1-0
liblsan0
libltdl-dev
libltdl7
liblua5.2-0
liblua5.3-0
libluajit-5.1-2
libluajit-5.1-common
liblwp-mediatypes-perl
liblwp-protocol-https-perl
liblwres161
liblz4-1
liblzma5
liblzo2-2
libmad0
libmagic-mgc
libmagic1
libmagickcore-6.q16-6
libmagickcore-6.q16-6-extra
libmagickwand-6.q16-6
libmailtools-perl
libmatroska6v5
libmbedcrypto3
libmbedtls12
libmbedx509-0
libmbim-glib4
libmbim-proxy
libmediaart-2.0-0
libmessaging-menu0
libmetacity1
libmetis5
libmhash2
libmicrodns0
libminiupnpc17
libmm-glib0
libmng2
libmnl0
libmount1
libmozjs-60-0
libmp3lame0
libmpc3
libmpcdec6
libmpdec2
libmpeg2-4
libmpfr6
libmpg123-0
libmsgpackc2
libmspub-0.1-1
libmtdev1
libmtp-common
libmtp-runtime
libmtp9
libmutter-5-0
libmwaw-0.3-3
libmypaint-1.3-0
libmypaint-common
libmysofa0
libmysqlclient21
libmythes-1.2-0
libnatpmp1
libnautilus-extension1a
libncurses6
libncursesw6
libndp0
libnemo-extension1
libneon27-gnutls
libnet-dbus-perl
libnet-http-perl
libnet-smtp-ssl-perl
libnet-ssleay-perl
libnetfilter-conntrack3
libnetpbm10
libnettle6
libnewt0.52
libnfnetlink0
libnfs12
libnftnl11
libnghttp2-14
libnl-3-200
libnl-genl-3-200
libnl-route-3-200
libnm0
libnma0
libnode-dev
libnode64
libnorm1
libnotify-bin
libnotify4
libnpth0
libnspr4
libnss-mdns
libnss-systemd
libnss3
libntfs-3g883
libnuma1
liboauth0
libobs0
libodfgen-0.1-1
libogg0
libopenal-data
libopenal1
libopencore-amrnb0
libopencore-amrwb0
libopenexr23
libopenjp2-7
libopenmpt-modplug1
libopenmpt0
libopus0
liborc-0.4-0
liborcus-0.14-0
libp11-kit0
libpackagekit-glib2-18
libpagemaker-0.0-0
libpam-cap
libpam-fprintd
libpam-gnome-keyring
libpam-modules
libpam-modules-bin
libpam-runtime
libpam-systemd
libpam0g
libpanel-applet3
libpango-1.0-0
libpangocairo-1.0-0
libpangoft2-1.0-0
libpangomm-1.4-1v5
libpangoxft-1.0-0
libpaper-utils
libpaper1
libparted-fs-resize0
libparted2
libpcap0.8
libpcaudio0
libpci3
libpciaccess0
libpciaccess0
libpcre2-16-0
libpcre2-8-0
libpcre3
libpcsclite1
libpeas-1.0-0
libpeas-common
libperl5.28
libpgm-5.2-0
libphonenumber7
libpipeline1
libpixman-1-0
libpkcs11-helper1
libplacebo7
libplist3
libplymouth4
libpng16-16
libpolkit-agent-1-0
libpolkit-gobject-1-0
libpoppler-cpp0v5
libpoppler-glib8
libpoppler90
libpopt0
libportaudio2
libportsmf0v5
libpostproc55
libprocps7
libprotobuf-lite17
libprotobuf17
libproxy-tools
libproxy1-plugin-gsettings
libproxy1-plugin-networkmanager
libproxy1v5
libpsl5
libpulse-mainloop-glib0
libpulse0
libpulsedsp
libpwquality-common
libpwquality1
libpython-stdlib
libpython2-stdlib
libpython2.7-minimal
libpython2.7-stdlib
libpython3-dev
libpython3-stdlib
libpython3.7
libpython3.7-dev
libpython3.7-minimal
libpython3.7-stdlib
libqmi-glib5
libqmi-proxy
libqpdf21
libqqwing2v5
libqt5core5a
libqt5dbus5
libqt5gui5
libqt5network5
libqt5opengl5
libqt5printsupport5
libqt5svg5
libqt5widgets5
libqt5x11extras5
libquadmath0
libraptor2-0
librasqal3
libraw1394-11
libraw19
librdf0
libreadline8
libreoffice-base-core
libreoffice-calc
libreoffice-common
libreoffice-core
libreoffice-draw
libreoffice-gnome
libreoffice-gtk3
libreoffice-help-common
libreoffice-help-en-us
libreoffice-impress
libreoffice-math
libreoffice-ogltrans
libreoffice-pdfimport
libreoffice-style-breeze
libreoffice-style-colibre
libreoffice-style-elementary
libreoffice-style-tango
libreoffice-writer
libresid-builder0c2a
librest-0.7-0
librevenge-0.0-0
librhash0
librhythmbox-core10
libroken18-heimdal
librsvg2-2
librsvg2-common
librsync2
librtmp1
librubberband2
libruby2.5
librygel-core-2.6-2
librygel-db-2.6-2
librygel-renderer-2.6-2
librygel-server-2.6-2
libsamplerate0
libsane
libsane-common
libsane-hpaio
libsasl2-2
libsasl2-modules
libsasl2-modules-db
libsbc1
libsdl-image1.2
libsdl1.2debian
libsdl2-2.0-0
libseccomp2
libsecret-1-0
libsecret-common
libselinux1
libsemanage-common
libsemanage1
libsensors-config
libsensors5
libsensors5
libsepol1
libserd-0-0
libsgutils2-2
libshine3
libshout3
libsidplay1v5
libsidplay2
libsigc++-2.0-0v5
libsigsegv2
libslang2
libsm6
libsmartcols1
libsmbclient
libsmbios-c2
libsnapd-glib1
libsnappy1v5
libsndfile1
libsndio7.0
libsnmp-base
libsnmp30
libsodium23
libsonic0
libsord-0-0
libsoundtouch1
libsoup-gnome2.4-1
libsoup2.4-1
libsoxr0
libspatialaudio0
libspectre1
libspeechd2
libspeex1
libspeexdsp1
libsqlite3-0
libsratom-0-0
libss2
libssh-4
libssh-gcrypt-4
libssh2-1
libssl-dev
libssl1.1
libstartup-notification0
libstdc++-9-dev
libstdc++6
libstdc++6
libstemmer0d
libsuil-0-0
libsuitesparseconfig5
libswresample3
libswscale5
libsynctex2
libsysmetrics1
libsystemd0
libtag1v5
libtag1v5-vanilla
libtalloc2
libtasn1-6
libtcl8.6
libtdb1
libteamdctl0
libtermkey1
libtevent0
libtext-charwidth-perl
libtext-iconv-perl
libtext-wrapi18n-perl
libthai-data
libthai0
libtheora0
libtie-ixhash-perl
libtiff5
libtimedate-perl
libtinfo6
libtinfo6
libtool
libtool-bin
libtotem-plparser-common
libtotem-plparser18
libtotem0
libtracker-control-2.0-0
libtracker-miner-2.0-0
libtracker-sparql-2.0-0
libtry-tiny-perl
libtsan0
libtwolame0
libtypes-serialiser-perl
libu2f-udev
libubsan1
libuchardet0
libudev1
libudev1
libudisks2-0
libumfpack5
libunibilium4
libunistring2
libunistring2
libunity-protocol-private0
libunity-scopes-json-def-desktop
libunity9
libunwind8
libupnp13
libupower-glib3
liburi-perl
liburl-dispatcher1
libusageenvironment3
libusb-1.0-0
libusbmuxd4
libuuid1
libuv1
libuv1-dev
libv4l-0
libv4lconvert0
libva-drm2
libva-wayland2
libva-x11-2
libva2
libvamp-hostsdk3v5
libvdpau1
libvidstab1.1
libvisio-0.1-1
libvisual-0.4-0
libvlc-bin
libvlc5
libvlccore9
libvncclient1
libvncserver1
libvolume-key1
libvorbis0a
libvorbisenc2
libvorbisfile3
libvpx6
libvte-2.91-0
libvte-2.91-common
libvterm0
libvulkan1
libwacom-bin
libwacom-common
libwacom2
libwavpack1
libwayland-client0
libwayland-cursor0
libwayland-egl1
libwayland-server0
libwbclient0
libwebkit2gtk-4.0-37
libwebp6
libwebpdemux2
libwebpmux3
libwebrtc-audio-processing1
libwhoopsie-preferences0
libwhoopsie0
libwind0-heimdal
libwinpr2-2
libwmf0.2-7
libwmf0.2-7-gtk
libwnck-3-0
libwnck-3-common
libwoff1
libwpd-0.10-10
libwpg-0.3-3
libwps-0.4-4
libwrap0
libwww-perl
libwww-robotrules-perl
libwxbase3.0-0v5
libwxgtk3.0-gtk3-0v5
libx11-6
libx11-6
libx11-data
libx11-protocol-perl
libx11-xcb1
libx11-xcb1
libx264-155
libx265-176
libxapian30
libxapp1
libxatracker2
libxau6
libxau6
libxaw7
libxcb-cursor0
libxcb-dri2-0
libxcb-dri2-0
libxcb-dri3-0
libxcb-dri3-0
libxcb-glx0
libxcb-glx0
libxcb-icccm4
libxcb-image0
libxcb-keysyms1
libxcb-present0
libxcb-present0
libxcb-randr0
libxcb-render-util0
libxcb-render0
libxcb-res0
libxcb-shape0
libxcb-shm0
libxcb-sync1
libxcb-sync1
libxcb-util1
libxcb-xfixes0
libxcb-xinerama0
libxcb-xinput0
libxcb-xkb1
libxcb-xrm0
libxcb-xv0
libxcb1
libxcb1
libxcomposite1
libxcursor1
libxdamage1
libxdamage1
libxdmcp6
libxdmcp6
libxext6
libxext6
libxfixes3
libxfixes3
libxfont2
libxft2
libxi6
libxinerama1
libxinerama1
libxkbcommon-x11-0
libxkbcommon0
libxkbfile1
libxklavier16
libxml-parser-perl
libxml-twig-perl
libxml-xpathengine-perl
libxml2
libxmlb1
libxmlsec1
libxmlsec1-nss
libxmu6
libxmuu1
libxpm4
libxrandr2
libxrender1
libxres1
libxshmfence1
libxshmfence1
libxslt1.1
libxss1
libxss1
libxt6
libxtables12
libxtst6
libxv1
libxvidcore4
libxvmc1
libxxf86dga1
libxxf86vm1
libxxf86vm1
libyajl2
libyaml-0-2
libyelp0
libzmq5
libzstd1
libzvbi-common
libzvbi0
light-themes
linux-base
linux-firmware
linux-generic
linux-headers-5.3.0-18
linux-headers-5.3.0-18-generic
linux-headers-5.3.0-19
linux-headers-5.3.0-19-generic
linux-headers-generic
linux-image-5.3.0-18-generic
linux-image-5.3.0-19-generic
linux-image-generic
linux-libc-dev
linux-modules-5.3.0-18-generic
linux-modules-5.3.0-19-generic
linux-modules-extra-5.3.0-18-generic
linux-modules-extra-5.3.0-19-generic
linux-signed-generic
linux-sound-base
lm-sensors
locales
login
logrotate
logsave
lp-solve
lsb-base
lsb-release
lshw
lsof
ltrace
lz4
m4
make
man-db
manpages
manpages-dev
mawk
media-player-info
memtest86+
mesa-utils
mesa-va-drivers
mesa-vdpau-drivers
mesa-vulkan-drivers
metacity
metacity-common
mime-support
mobile-broadband-provider-info
modemmanager
mokutil
mount
mousetweaks
mscompress
mtools
mtr-tiny
mutter
mutter-common
mysql-common
mythes-en-us
nano
nautilus
nautilus-data
nautilus-dropbox
nautilus-extension-gnome-terminal
nautilus-sendto
nautilus-share
ncurses-base
ncurses-bin
nemo
nemo-data
nemo-fileroller
neovim
neovim-runtime
netbase
netcat-openbsd
netpbm
netplan.io
network-manager
network-manager-config-connectivity-ubuntu
network-manager-gnome
network-manager-openvpn
network-manager-openvpn-gnome
network-manager-pptp
network-manager-pptp-gnome
networkd-dispatcher
ninja-build
node-abbrev
node-ajv
node-ansi
node-ansi-align
node-ansi-regex
node-ansi-styles
node-ansistyles
node-aproba
node-archy
node-are-we-there-yet
node-asn1
node-assert-plus
node-asynckit
node-aws-sign2
node-aws4
node-balanced-match
node-bcrypt-pbkdf
node-bluebird
node-boxen
node-brace-expansion
node-builtin-modules
node-builtins
node-cacache
node-call-limit
node-camelcase
node-caseless
node-chalk
node-chownr
node-cli-boxes
node-cliui
node-clone
node-color-convert
node-color-name
node-combined-stream
node-concat-map
node-concat-stream
node-config-chain
node-console-control-strings
node-copy-concurrently
node-core-util-is
node-cross-spawn
node-cyclist
node-dashdash
node-decamelize
node-decompress-response
node-deep-extend
node-defaults
node-delayed-stream
node-delegates
node-detect-indent
node-detect-newline
node-duplexer3
node-duplexify
node-ecc-jsbn
node-editor
node-encoding
node-end-of-stream
node-errno
node-escape-string-regexp
node-execa
node-extend
node-extsprintf
node-fast-deep-equal
node-find-up
node-flush-write-stream
node-forever-agent
node-form-data
node-from2
node-fs-vacuum
node-fs-write-stream-atomic
node-fs.realpath
node-gauge
node-get-caller-file
node-get-stream
node-getpass
node-glob
node-got
node-graceful-fs
node-gyp
node-har-schema
node-har-validator
node-has-flag
node-has-symbol-support-x
node-has-to-string-tag-x
node-has-unicode
node-hosted-git-info
node-http-signature
node-iconv-lite
node-iferr
node-import-lazy
node-imurmurhash
node-inflight
node-inherits
node-ini
node-invert-kv
node-is-builtin-module
node-is-npm
node-is-object
node-is-plain-obj
node-is-retry-allowed
node-is-stream
node-is-typedarray
node-isarray
node-isexe
node-isstream
node-isurl
node-jsbn
node-json-parse-better-errors
node-json-schema
node-json-schema-traverse
node-json-stable-stringify
node-json-stringify-safe
node-jsonify
node-jsonparse
node-jsonstream
node-jsprim
node-latest-version
node-lazy-property
node-lcid
node-libnpx
node-locate-path
node-lockfile
node-lowercase-keys
node-lru-cache
node-mem
node-mime-types
node-mimic-fn
node-mimic-response
node-minimatch
node-minimist
node-mississippi
node-mkdirp
node-move-concurrently
node-mute-stream
node-node-uuid
node-nopt
node-normalize-package-data
node-npm-package-arg
node-npm-run-path
node-npmlog
node-oauth-sign
node-object-assign
node-once
node-opener
node-os-locale
node-osenv
node-p-cancelable
node-p-finally
node-p-limit
node-p-locate
node-p-timeout
node-package-json
node-parallel-transform
node-path-exists
node-path-is-absolute
node-path-is-inside
node-performance-now
node-prepend-http
node-process-nextick-args
node-promise-inflight
node-promzard
node-proto-list
node-prr
node-pump
node-pumpify
node-punycode
node-qs
node-qw
node-rc
node-read
node-read-package-json
node-readable-stream
node-registry-auth-token
node-registry-url
node-request
node-require-directory
node-require-main-filename
node-resolve-from
node-retry
node-rimraf
node-run-queue
node-safe-buffer
node-semver
node-semver-diff
node-set-blocking
node-sha
node-shebang-command
node-shebang-regex
node-signal-exit
node-slash
node-slide
node-sorted-object
node-spdx-correct
node-spdx-expression-parse
node-spdx-license-ids
node-sshpk
node-ssri
node-stream-each
node-stream-iterate
node-stream-shift
node-string-decoder
node-string-width
node-strip-ansi
node-strip-eof
node-strip-json-comments
node-supports-color
node-tar
node-term-size
node-text-table
node-through
node-through2
node-timed-out
node-tough-cookie
node-tunnel-agent
node-tweetnacl
node-typedarray
node-uid-number
node-unique-filename
node-unpipe
node-uri-js
node-url-parse-lax
node-url-to-options
node-util-deprecate
node-uuid
node-validate-npm-package-license
node-validate-npm-package-name
node-verror
node-wcwidth.js
node-which
node-which-module
node-wide-align
node-widest-line
node-wrap-ansi
node-wrappy
node-write-file-atomic
node-xdg-basedir
node-xtend
node-y18n
node-yallist
node-yargs
node-yargs-parser
nodejs
nodejs-doc
npm
ntfs-3g
obs-plugins
obs-studio
openprinting-ppds
openssh-client
openssl
openvpn
orca
os-prober
p11-kit
p11-kit-modules
p7zip
packagekit
packagekit-tools
parted
passwd
patch
pciutils
pcmciautils
perl
perl-base
perl-modules-5.28
perl-openssl-defaults
pinentry-curses
pinentry-gnome3
pkg-config
plymouth
plymouth-label
plymouth-theme-ubuntu-logo
plymouth-theme-ubuntu-text
policykit-1
policykit-desktop-privileges
poppler-data
poppler-utils
popularity-contest
powermgmt-base
ppp
pptp-linux
printer-driver-brlaser
printer-driver-c2esp
printer-driver-foo2zjs
printer-driver-foo2zjs-common
printer-driver-gutenprint
printer-driver-hpcups
printer-driver-m2300w
printer-driver-min12xxw
printer-driver-pnm2ppa
printer-driver-postscript-hp
printer-driver-ptouch
printer-driver-pxljr
printer-driver-sag-gdi
printer-driver-splix
procps
psmisc
publicsuffix
pulseaudio
pulseaudio-module-bluetooth
pulseaudio-utils
python
python-apt-common
python-cairo
python-concurrent.futures
python-gobject-2
python-greenlet
python-gtk2
python-minimal
python-msgpack
python-neovim
python-pip-whl
python-pkg-resources
python-six
python-trollius
python2
python2-minimal
python2.7
python2.7-minimal
python3
python3-apport
python3-apt
python3-aptdaemon
python3-aptdaemon.gtk3widgets
python3-argcomplete
python3-argh
python3-asn1crypto
python3-bcrypt
python3-blessings
python3-blinker
python3-brlapi
python3-cairo
python3-certifi
python3-cffi-backend
python3-chardet
python3-commandnotfound
python3-configobj
python3-crypto
python3-cryptography
python3-cups
python3-cupshelpers
python3-curtsies
python3-dateutil
python3-dbus
python3-debconf
python3-debian
python3-defer
python3-dev
python3-distro
python3-distro-info
python3-distupgrade
python3-distutils
python3-entrypoints
python3-fasteners
python3-future
python3-gdbm
python3-gi
python3-gi-cairo
python3-greenlet
python3-httplib2
python3-idna
python3-jwt
python3-keyring
python3-keyrings.alt
python3-launchpadlib
python3-lazr.restfulclient
python3-lazr.uri
python3-lib2to3
python3-lockfile
python3-louis
python3-macaroonbakery
python3-mako
python3-markupsafe
python3-minimal
python3-monotonic
python3-msgpack
python3-nacl
python3-neovim
python3-netifaces
python3-oauthlib
python3-olefile
python3-paramiko
python3-pathtools
python3-pexpect
python3-pil
python3-pip
python3-pkg-resources
python3-problem-report
python3-protobuf
python3-psutil
python3-ptyprocess
python3-pyatspi
python3-pygments
python3-pymacaroons
python3-renderpm
python3-reportlab
python3-reportlab-accel
python3-requests
python3-requests-unixsocket
python3-rfc3339
python3-secretstorage
python3-setuptools
python3-simplejson
python3-six
python3-software-properties
python3-speechd
python3-systemd
python3-talloc
python3-tz
python3-uno
python3-update-manager
python3-urllib3
python3-wadllib
python3-watchdog
python3-wcwidth
python3-wheel
python3-xdg
python3-xkit
python3-yaml
python3.7
python3.7-dev
python3.7-minimal
qt5-gtk-platformtheme
qttranslations5-l10n
rake
readline-common
remmina
remmina-common
remmina-plugin-rdp
remmina-plugin-secret
remmina-plugin-vnc
rfkill
rhythmbox
rhythmbox-data
rhythmbox-plugin-alternative-toolbar
rhythmbox-plugins
rsync
rsyslog
rtkit
ruby
ruby-did-you-mean
ruby-json
ruby-minitest
ruby-net-telnet
ruby-power-assert
ruby-test-unit
ruby-xmlrpc
ruby2.5
rubygems-integration
rygel
samba-libs
sane-utils
sbsigntool
seahorse
secureboot-db
sed
sensible-utils
session-migration
sgml-base
shared-mime-info
shim
shim-signed
shotwell
shotwell-common
simple-scan
snapd
software-properties-common
software-properties-gtk
sound-icons
sound-theme-freedesktop
speech-dispatcher
speech-dispatcher-audio-plugins
speech-dispatcher-espeak-ng
spice-vdagent
sqlite3
squashfs-tools
ssl-cert
steam
steam-installer
strace
suckless-tools
sudo
switcheroo-control
synaptic
syslinux
syslinux-common
syslinux-legacy
system-config-printer
system-config-printer-common
system-config-printer-udev
systemd
systemd-sysv
sysvinit-utils
tar
tcpdump
telnet
terminator
thermald
thunderbird
thunderbird-gnome-support
thunderbird-locale-en
thunderbird-locale-en-us
time
tlp
tlp-rdw
totem
totem-common
totem-plugins
tracker
tracker-extract
tracker-miner-fs
transmission
transmission-common
transmission-gtk
tree
tzdata
ubuntu-advantage-tools
ubuntu-desktop
ubuntu-desktop-minimal
ubuntu-docs
ubuntu-drivers-common
ubuntu-keyring
ubuntu-minimal
ubuntu-mono
ubuntu-release-upgrader-core
ubuntu-release-upgrader-gtk
ubuntu-report
ubuntu-restricted-addons
ubuntu-session
ubuntu-settings
ubuntu-software
ubuntu-standard
ubuntu-system-service
ubuntu-touch-sounds
ubuntu-wallpapers
ubuntu-wallpapers-eoan
ubuntu-web-launchers
ucf
udev
udisks2
ufw
unattended-upgrades
unity-settings-daemon-schemas
uno-libs3
unzip
update-inetd
update-manager
update-manager-core
update-notifier
update-notifier-common
upower
ure
usb-creator-common
usb-creator-gtk
usb-modeswitch
usb-modeswitch-data
usb.ids
usbmuxd
usbutils
util-linux
uuid-runtime
va-driver-all
vdpau-driver-all
vim
vim-common
vim-gtk
vim-gtk3
vim-gui-common
vim-runtime
vim-tiny
vino
virtualbox
virtualbox-dkms
virtualbox-qt
vlc
vlc-bin
vlc-data
vlc-l10n
vlc-plugin-base
vlc-plugin-notify
vlc-plugin-qt
vlc-plugin-samba
vlc-plugin-skins2
vlc-plugin-video-output
vlc-plugin-video-splitter
vlc-plugin-visualization
wamerican
wbritish
wget
whiptail
whoopsie
whoopsie-preferences
wireless-regdb
wireless-tools
wpasupplicant
x11-apps
x11-common
x11-session-utils
x11-utils
x11-xkb-utils
x11-xserver-utils
xapps-common
xauth
xbitmaps
xbrlapi
xclip
xcursor-themes
xdg-dbus-proxy
xdg-desktop-portal
xdg-desktop-portal-gtk
xdg-user-dirs
xdg-user-dirs-gtk
xdg-utils
xfonts-base
xfonts-encodings
xfonts-scalable
xfonts-utils
xinit
xinput
xkb-data
xorg
xorg-docs-core
xserver-common
xserver-xephyr
xserver-xorg
xserver-xorg-core
xserver-xorg-input-all
xserver-xorg-input-libinput
xserver-xorg-input-wacom
xserver-xorg-legacy
xserver-xorg-video-all
xserver-xorg-video-amdgpu
xserver-xorg-video-ati
xserver-xorg-video-fbdev
xserver-xorg-video-intel
xserver-xorg-video-nouveau
xserver-xorg-video-qxl
xserver-xorg-video-radeon
xserver-xorg-video-vesa
xserver-xorg-video-vmware
xul-ext-ubufox
xwayland
xxd
xz-utils
yaru-theme-gnome-shell
yaru-theme-gtk
yaru-theme-icon
yaru-theme-sound
yelp
yelp-xsl
zenity
zenity-common
zip
zlib1g
zlib1g
